0.09
0.01
0.18
0.83
0.0
0.99
0.18
0.02
0.97
0.83
0.0
0.0
0.28
0.6451612903225806
0.94
0.0
0.0
0.04
0.91
0.05
0.1
0.0
1.0
0.78
0.0
0.0
0.0
0.06
0.0
0.0
0.78
1.0
0.05
0.14
0.0
0.1
0.13
0.02
0.020202020202020204
0.0
0.01
0.0
0.0
0.0
0.0
0.0
0.0
0.0
0.07692307692307693
0.11
0.01
0.0
0.0
0.10126582278481013
0.0
0.0
0.0
0.0
0.0
0.0
0.0
0.0
0.0
0.0
0.10126582278481013
0.08
0.053763440860215055
0.1744186046511628
0.0
0.023809523809523808
0.0
0.023809523809523808
0.0
0.02040816326530612
0.0
0.0
0.0
0.38
0.01818181818181818
0.0
0.02
0.0
0.0
0.0
0.0
0.03
0.01
0.0
0.0
0.0
0.03
0.15
0.04
0.0
0.01
0.0
0.06
0.0
0.0
0.0
0.0
0.0
0.01
0.02
0.04
0.0
0.0
0.0
0.0
0.01
0.1
0.08
0.0
0.0
0.03
0.0
0.0
0.0
0.0
0.0
0.0
0.0
0.0
0.0989010989010989
0.0
0.0
0.0
0.0
0.0
0.0
0.02
0.02
0.0
0.02666666666666667
0.0
0.0
0.0
0.0
0.0
0.0
0.0
0.0
0.04
0.05
0.05
0.0
0.0
0.0
0.0
0.0
0.0
0.0
0.0
0.07
0.28
0.0
0.01
0.06
0.0
0.0
0.5
0.21
0.0
0.01
0.03
0.01
0.04
0.0
0.01
0.0
0.0
0.23
0.0
0.37
0.2
0.04
0.0
0.11
0.0
0.0
0.07142857142857142
0.06666666666666667
0.02
0.0
0.0
0.0
0.036585365853658534
0.0
0.0
0.0
0.0
0.0
0.0
0
0.0
0.0
0.0
0.01
0.01
0.0
0.05
0.0
0.0
0.02
0.0
0.0
0.14
0.02
0.0
0.0
0.25
0.0
0.01
0.0
0.0
0.05
0.0
0.0
0.0
0.02
0.88
0.12
0.0
0.0
0.0
0.0
0.0
0.0
0.0
0.0
0.0
0.03
0.77
0.02