0.10277693983212104
0.1012128967174116
0.10186083099831976
0.10311321057926072
0.1027674857973349
0.10248562302169517
0.10136802015666449
0.10150278878840285
0.10424373290700872
0.10154968292504052
0.10137214141568356
0.10403149956016304
0.10188322729881114
0.10178312574956014
0.10160038364893627
0.10320919761865177
0.10015445379827838
0.10028380867558477
0.1004390824944716
0.10168395899716262
0.1013048565346944
0.10026065110250253
0.10196228132645463
0.10189541878874234
0.10085778018087699
0.10184384533953715
0.10052107764838736
0.1014109417552582
0.10309219904484954
0.09930404668586267
0.1012862795992092
0.1018769245774996
0.10185186077369668
0.10329765802500196
0.10006112743453512
0.10153345699849493
0.10121280665533944
0.10074799207854028
0.10220558100513079
0.10414538605027508
0.10128883796031318
0.09426273924824624
0.10278033695829335
0.10187591391596605
0.10231092975959516
0.10406650214417373
0.1015449982613857
0.10366760801670188
0.10143434082656637
0.103677083851279