0.0
0.0
0.0
0.0
0.0
0.01
0.0
0.0
0.11
0.01
0.0
0.19
0.26666666666666666
0.0
0.29
0.0
0.0
0.08
0.02
0.47
0.2
0.0
0.0
0.17
0.08
0.0
0.0
0.13
0.0
0.0
0.13
0.0
0.0
0.0
0.06
0.0
0.0
0.0
0.0
0.11475409836065574
0.02
0.34
1.0
0.35
0.6511627906976745
0.020833333333333332
0.2631578947368421
0.2647058823529412
0.28846153846153844
0.0
0.06
0.41
0.9012345679012346
0.4810126582278481
0.38181818181818183
0.85
0.7317073170731707
0.4528301886792453
0.7
0.32558139534883723
0.7291666666666666
0.2631578947368421
0.2647058823529412
0.01
0.4810126582278481
0.68
0.24731182795698925
0.03488372093023256
1.0
0.42857142857142855
0.8125
0.7619047619047619
0.75
0.4897959183673469
0.03225806451612903
0.7361111111111112
0.4528301886792453
0.46
1.0
0.7931034482758621
0.34
0.0
0.92
0.29
0.11
0.03
0.0
0.0
0.0
0.0
0.0
0.0
0.0
0.0
0.01
0.0
0.0
0.02
0.0
0.0
0.0
0.0
0.0
0.0
0.02
0.0
0.0
0.0
0.0
0.0
0.06
0.0
0.0
0.0
0.01
0.0
0.0
0.0
0.0
0.01
0.0
0.0
0.0
0.0
0.0
0.0
0.0
0.0
0.0
0.0
0.0
0.0
0.0
0.0
0.0
0.0
0.0
0.0
0.014705882352941176
0.0
0.0
0.0
0.0
0.01
0.0
0.01
0.12
0.0
0.0
0.0
0.03
0.0
0.0
0.08
0.04
0.01
0.0
0.01
0.0
0.0
0.03
0.09
0.0
0.0
0.03
0.0
0.0
0.0
0.0
0.0
0.04
0.0
0.0
0.0
0.09
0.0
0.0
0.0
0.01
0.0
0.22857142857142856
0.13333333333333333
0.0
0.047619047619047616
0.0
0.0
0.0
0.0
0.0
0.06
0.06
0.23
0.0
0
0.0
0.37
0.01
0.0
0.0
0.0
0.0
0.0
0.0
0.0
0.0
0.0
0.0
0.0
0.0
0.0
0.0625
0.0
0.26
0.05
0.0
0.13
0.0
0.0
0.0
0.0
0.02
0.08
0.0
0.0
0.0
0.0
0.0
0.03
0.0
0.0
0.0
0.0
0.0
0.32