0.05223885990067726
0.05620901199085118
0.060558874648250265
0.0613343608222563
0.05989929761320359
0.0567252093494817
0.05662258002895308
0.07025518335180442
0.06158286507645582
0.06161439826384616
0.06314932179612989
0.06877962000055116
0.06290877089383183
0.05988765358224597
0.059848103815993745
0.06528491299652847
0.06109647360498649
0.05994345836132088
0.06092766263866816
0.06294621953552819
0.05778642590118167
0.06351902067249776
0.05958339209277144
0.062019537185890254
0.05181080767443208
0.06744565105107804
0.07024702939681372
0.06183470983113514
0.06144302563496436
0.07334604760893844
0.06055445489726367
0.06533776654459246
0.06888046115917928
0.08128470434202281
0.05717133401740792
0.06451030111747068
0.06091362777283571
0.06240443262817598
0.06553610956759577
0.07004122745213734
0.061189730353333006
0.059372825522465575
0.05633075509681956
0.07139514111345426
0.054297317241716075
0.06134563290127413
0.06128006437899632
0.05924878549198063
0.0614499523544658
0.05898225213097103