0.07599432361153016
0.07544023870680631
0.07690605754128062
0.0764279531239446
0.07765335974832767
0.07482753338568914
0.07683949566402408
0.07643719399035738
0.07753331024470461
0.07628405530991186
0.07428753152326541
0.07528311186395698
0.07490251813405777
0.0763154065000088
0.07584049391542723
0.07256778490236004
0.07709694732347584
0.07553478975124983
0.07376648479763474
0.07659133429981721
0.07637930408126672
0.07704146981274529
0.07595668215305387
0.07558716907573718
0.07528117155530603
0.07695981275193971
0.07519058260082198
0.07496300003908082
0.07382756939419485
0.07369791297701667
0.0770577065828627
0.07821730131060492
0.07579056787507234
0.07700569824454508
0.07510457473823222
0.07431892274000525
0.07534562074069792
0.07925212485773908
0.07603046330615193
0.07300662178862007
0.07747098430376165
0.07308840524918306
0.07161393656838366
0.0771128040086101
0.07577031006719614
0.07187356555889812
0.07234475087857864
0.07545854163214628
0.07366630421836244
0.07680998946896386