0.0
0.73
0.0
0.01
0.0
0.0
0.0
0.0
0.0
0.0
0.0
0.15
0.0
0.0
0.0
0.0
0.0
0.01
0.0
0.0
0.0
0.0
0.0
0.0
0.0
0.04
0.0
0.0
0.0
0.0
0.0
0.0
0.0
0.0
0.0
0.0
0.01
0.0
0.0
0.0
0.0
0.04
0.01
0.0
0.0
0.0
0.0
0.0
0.0
0.0
0.0
0.01
0.0
0.0
0.0
0.0
0.0
0.0
0.0
0.0
0.0
0.0
0.0
0.0
0.0
0.0
0.0
0.0
0.0
0.0
0.0
0.0
0.020833333333333332
0.0
0.14516129032258066
0.0
0.0
0.0
0.0
0.0
0.0
0.0
0.01
0.0
0.01
0.25
0.23
0.52
0.09
0.42105263157894735
0.01
0.0
0.17
0.19
0.18
0.18
0.76
0.01
0.33
0.78
0.43
0.39
0.03
0.24
0.27
0.37
0.22
0.61
0.03
0.16
0.5
0.39
0.17
0.02
0.1
0.37
0.05
0.4
0.0
0.45
0.26
0.16
0.38
0.17582417582417584
0.48
0.24
0.99
0.49
0.41
0.30851063829787234
0.04
0.09
0.22
0.3333333333333333
0.0
0.0
0.0
0.14516129032258066
0.014705882352941176
0.03
0.0
0.0
0.05
0.11
0.0
0.0
0.0
0.0
0.0
0.07
0.0
0.0
0.31
0.01
0.0
0.04
0.04
0.01
0.01
0.0
0.0
0.02
0.08
0.0
0.18
0.08
0.02
0.05
0.06
0.03
0.0
0.0
0.14
0.7
0.05
0.0
0.03
0.0
0.21
0.03
0.0
0.0
0.0
0.0
0.0
0.0
0.0
0.0
0.0
0.18
0.34
0.0
0.0
0
0.01
0.0
0.16
0.06
0.2
0.07
0.32
0.01
0.23
0.14
0.02
0.28
0.13
0.06
0.0
0.0
0.0
0.0
0.0
0.21
0.06
0.03
0.85
1.0
0.1
0.04
0.0
0.0
0.0
0.23
0.02564102564102564
0.04
0.14
0.32
0.15
0.02
0.0
0.03
0.0
0.0