0.044073912086595425
0.045650374999139195
0.14681739712997768
0.1109742610282422
0.5656799797459539
0.04327225385574876
0.07583486377176707
0.5586962802314576
0.05508741991522746
0.054874969014706884
0.5326121543263939
0.5443588353742043
0.05052520221749663
0.11379270791749693
0.5650680069437035
0.06767502937944303
0.04800170985452203
0.10142961506898254
0.04938857267741712
0.14727085300773182
0.06300536994497978
0.07108256485855322
0.5972850464779771
0.5321926973941093
0.07131209951045671
0.5613763983811646
0.5459862315490533
0.04779218623938455
0.045468339097714514
0.5
0.3531280242252714
0.3435704708459726
0.9577641953954733
0.08129205188678658
0.04674949914796265
0.12269744128688805
0.13291234740161825
0.042356577079930346
0.19427991234621114
0.17884835736050148
0.05444322091602909
0.047884255217578366
0.04926996425527947
0.09119792683019107
0.1481157340543852
0.10877538719537024
0.0609068738609805
0.09270847814090064
0.16899906054142402
0.10138416529492138