0.03730847790734204
0.16957257552950988
0.19783229461312388
0.2052721994504503
0.0678595160078213
0.1803837612158017
0.06563490331712248
0.07207984203757646
0.055928769189364645
0.3460177736713728
0.08334022080018424
0.10092839405788973
0.22714129022937138
0.14250631388239698
0.06910321679087586
0.20124264189828872
0.1127197799820559
0.21831764627384795
0.10308975198219038
0.8899577318846198
0.04404829236501013
0.9375989619153622
0.17297889137011954
0.11792758576924625
0.10609512710303372
0.06762912506075394
0.07523698001630068
0.11551576640577688
0.06358248164553541
0.08929260788875382
0.10908466872323204
0.20912303004389632
0.07887464613450379
0.6206753257077038
0.1302896285647783
0.11249129715965023
0.16230363551531032
0.07562340061250974
0.19988036822460908
0.019747723379638208
0.12318692369674439
0.159922291802371
0.12141584721401114
0.05708536720003274
0.07155157609380292
0.10157656102003201
0.10825069176030035
0.10115803480520041
0.12418619201080915
0.5072713536605823