0.13702323648431616
0.11590733294110513
0.12437812975362975
0.1311985805685257
0.17585637208585633
0.12799726195111916
0.10474768991292077
0.16381439309204898
0.09610528045229534
0.16265752603009395
0.13822980133273816
0.13672937735773166
0.08479059598586895
0.11634912079345255
0.17519227816141195
0.04812960622738114
0.14723783269996973
0.07491227922640051
0.1835976064387693
0.12447015677982737
0.09508030010310858
0.01713930796815388
0.0994940028465677
0.11720309862576332
0.1914125334494614
0.1721630832590375
0.15720094508415514
0.1517049305269585
0.18384214139596095
0.12833574513214763
0.14780978706883077
0.05392992817699338
0.14754849705266004
0.14469142968753743
0.12389921349273837
0.10235863028980183
0.1349964667102385
0.060127128042816
0.06193389770128297
0.05965754219932067
0.15331224212640399
0.1344478565713993
0.1551054152311543
0.19324332048672047
0.16757444428633078
0.16273740900922415
0.144899921911647
0.14744901518749126
0.07471378166786011
0.049116266539261016