<<<<<<< HEAD
HVC51 P001
HVC397 P001
HVC617 P001
HVC620 P001
HVC909 P001
HVC1012 P001
HVC1103 P001
HVC1109 P001
HVC1110 P001
HVC1113 P001
HVC72 P002
HVC285 P002
HVC329 P002
HVC330 P002
HVC519 P002
HVC635 P002
HVC703 P002
HVC711 P002
HVC712 P002
HVC715 P002
HVC422 P003
HVC933 P003
HVC1062 P003
HVC1878 P003
HVC2093 P003
HVC2145 P003
HVC2205 P003
HVC2235 P003
HVC2236 P003
HVC2274 P003
HVC387 NULL
HVC444 NULL
HVC469 NULL
HVC470 NULL
HVC473 NULL
HVC474 NULL
HVC475 NULL
HVC478 NULL
HVC485 NULL
HVC648 NULL
HVC659 NULL
HVC660 NULL
HVC682 NULL
HVC735 NULL
HVC748 NULL
HVC750 NULL
HVC753 NULL
HVC758 NULL
HVC759 NULL
HVC760 NULL
HVC763 NULL
HVC764 NULL
HVC766 NULL
HVC767 NULL
HVC772 NULL
HVC854 NULL
HVC863 NULL
HVC886 NULL
HVC895 NULL
HVC896 NULL
HVC938 NULL
HVC1060 NULL
HVC1068 NULL
HVC1073 NULL
HVC1074 NULL
HVC1075 NULL
HVC1077 NULL
HVC1078 NULL
HVC1084 NULL
HVC1085 NULL
HVC1087 NULL
HVC1099 NULL
HVC1111 NULL
HVC1114 NULL
HVC1126 NULL
HVC1145 NULL
HVC1146 NULL
HVC1147 NULL
HVC1148 NULL
HVC1149 NULL
HVC1236 NULL
HVC1239 NULL
HVC1240 NULL
HVC1243 NULL
HVC1245 NULL
HVC1249 NULL
HVC1250 NULL
HVC1251 NULL
HVC1252 NULL
HVC1256 NULL
HVC1334 NULL
HVC1336 NULL
HVC1339 NULL
HVC1342 NULL
HVC1344 NULL
HVC1346 NULL
HVC1348 NULL
HVC1352 NULL
HVC1418 NULL
HVC1423 NULL
HVC1424 NULL
HVC1426 NULL
HVC1427 NULL
HVC1428 NULL
HVC1430 NULL
HVC1432 NULL
HVC1435 NULL
HVC1439 NULL
HVC1441 NULL
HVC1580 NULL
HVC1584 NULL
HVC1585 NULL
HVC1586 NULL
HVC1587 NULL
HVC1588 NULL
HVC1591 NULL
HVC1592 NULL
HVC1593 NULL
HVC1595 NULL
HVC1596 NULL
HVC1598 NULL
HVC1599 NULL
HVC1601 NULL
HVC1619 NULL
HVC1625 NULL
HVC1626 NULL
HVC1627 NULL
HVC1628 NULL
HVC1630 NULL
HVC1631 NULL
=======
HVC1115 P001
HVC1122 P001
HVC1123 P001
HVC1128 P001
HVC1129 P001
HVC1131 P001
HVC1165 P001
HVC1184 P001
HVC1212 P001
HVC1214 P001
HVC1215 P001
HVC1219 P001
HVC1221 P001
HVC1222 P001
HVC1224 P001
HVC1227 P001
HVC1235 P001
HVC1260 P001
HVC1261 P001
HVC1267 P001
HVC1790 P001
HVC1794 P001
HVC1826 P001
HVC1830 P001
HVC1906 P001
HVC1956 P001
HVC1958 P001
HVC1969 P001
HVC2410 P001
HVC2709 P001
HVC2747 P001
HVC2815 P001
HVC2821 P001
HVC2827 P001
HVC3069 P001
HVC3070 P001
HVC3256 P001
HVC3257 P001
HVC1100 P001
HVC1690 P001
HVC1962 P001
HVC1040 P002
HVC1159 P002
HVC1257 P002
HVC1380 P002
HVC1406 P002
HVC1407 P002
HVC1409 P002
HVC1558 P002
HVC1559 P002
HVC1565 P002
HVC1566 P002
HVC1606 P002
HVC1607 P002
HVC1618 P002
HVC1659 P002
HVC1662 P002
HVC1663 P002
HVC1664 P002
HVC1668 P002
HVC1748 P002
HVC1754 P002
HVC1757 P002
HVC1758 P002
HVC1760 P002
HVC1761 P002
HVC1762 P002
HVC1763 P002
HVC1805 P002
HVC1807 P002
HVC1810 P002
HVC1811 P002
HVC1815 P002
HVC1816 P002
HVC1936 P002
HVC1994 P002
HVC1997 P002
HVC2002 P002
HVC2007 P002
HVC2008 P002
HVC3079 P002
HVC637 P002
HVC1503 P002
HVC1617 P002
HVC1976 P002
HVC2356 P003
HVC2357 P003
HVC2403 P003
HVC2465 P003
HVC2473 P003
HVC2493 P003
HVC2495 P003
HVC2558 P003
HVC2561 P003
HVC2565 P003
HVC2567 P003
HVC2603 P003
HVC2636 P003
HVC2656 P003
HVC2678 P003
HVC2683 P003
HVC2704 P003
HVC2733 P003
HVC2734 P003
HVC2765 P003
HVC2770 P003
HVC2779 P003
HVC2785 P003
HVC2787 P003
HVC2792 P003
HVC2795 P003
HVC2797 P003
HVC2800 P003
HVC2803 P003
HVC2841 P003
HVC3068 P003
HVC3138 P003
HVC3282 P003
HVC3283 P003
HVC3339 P003
HVC3342 P003
HVC3343 P003
HVC3361 P003
HVC3362 P003
HVC849 P003
HVC1589 P003
HVC1888 P003
HVC1954 P003
HVC1989 P003
HVC2251 P003
HVC2252 P003
HVC2732 P003
HVC2799 P003
HVC3341 P003
HVC1632 NULL
HVC1634 NULL
HVC1638 NULL
HVC1648 NULL
HVC1650 NULL
HVC1680 NULL
HVC1682 NULL
HVC1683 NULL
HVC1713 NULL
HVC1723 NULL
HVC1727 NULL
HVC1733 NULL
HVC1735 NULL
HVC1737 NULL
HVC1738 NULL
HVC1739 NULL
HVC1744 NULL
HVC1767 NULL
HVC1771 NULL
HVC1776 NULL
HVC1780 NULL
HVC1787 NULL
HVC1788 NULL
HVC1791 NULL
HVC1793 NULL
HVC1797 NULL
HVC1814 NULL
HVC1818 NULL
HVC1827 NULL
HVC1837 NULL
HVC1841 NULL
HVC1846 NULL
HVC1853 NULL
HVC1863 NULL
HVC1867 NULL
HVC1869 NULL
HVC1870 NULL
HVC1871 NULL
HVC1894 NULL
HVC1895 NULL
HVC1896 NULL
HVC1926 NULL
HVC1929 NULL
HVC1931 NULL
HVC1932 NULL
HVC1933 NULL
HVC1937 NULL
HVC1940 NULL
HVC1941 NULL
HVC1942 NULL
HVC1943 NULL
HVC1947 NULL
HVC1951 NULL
HVC1967 NULL
HVC1973 NULL
HVC2013 NULL
HVC2022 NULL
HVC2025 NULL
HVC2030 NULL
HVC2032 NULL
HVC2036 NULL
HVC2039 NULL
HVC2046 NULL
HVC2047 NULL
HVC2049 NULL
HVC2066 NULL
HVC2072 NULL
HVC2074 NULL
HVC2075 NULL
HVC2087 NULL
HVC2128 NULL
HVC2136 NULL
HVC2138 NULL
HVC2144 NULL
HVC2146 NULL
HVC2148 NULL
HVC2149 NULL
HVC2150 NULL
HVC2184 NULL
HVC2186 NULL
HVC2188 NULL
HVC2190 NULL
HVC2192 NULL
HVC2197 NULL
HVC2218 NULL
HVC2227 NULL
HVC2250 NULL
HVC2253 NULL
HVC2262 NULL
HVC2295 NULL
HVC2302 NULL
HVC2303 NULL
HVC2309 NULL
HVC2312 NULL
HVC2316 NULL
HVC2318 NULL
HVC2319 NULL
HVC2322 NULL
HVC2323 NULL
HVC2336 NULL
>>>>>>> a9c8cedab10dae3829563c37918a3aeaeb4d40bf
