0.020928397971806408
0.08660790610546662
0.12156327459741935
0.060464497695299754
0.22757264711578618
0.12142304419517272
0.1623019955168791
0.23112564192856677
0.21959592711237563
0.1150503368180584
0.20794795748458442
0.23109369995004506
0.19037728601487383
0.29425706465832674
0.02246713870211487
0.19437425886179022
0.013534713733758929
0.06215801556848366
0.33249614131146915
0.23042259051431274
0.27664384016601434
0.0015927765873240346
0.23112564192856677
0.06630465539853532
0.26481139241916035
0.13347106853285273
0.2311256419071997
0.15477477580129895
0.3408187381503072
0.22905530342334676
0.041970847566722924
0.23112564192856677
0.02604349431312679
0.16379651941828838
0.46289957715697516
0.03006655542076923
0.018831084152108626
0.24443102922265258
0.08811269133864975
0.2202997489803748
0.3100431194259969
0.3615119730883319
0.36268631959532754
0.21648299128775247
0.2020883495044666
0.06183476866414664
0.3340381885416809
0.08284096141951712
0.008097924716867409
0.16416074912098205
