0.008521541990515406
0.07971645277695713
0.18746320331455732
0.08932838992288814
0.03836900500223175
0.21985552814066475
0.1333404535412033
0.04011999883901818
0.05378104475666426
0.3910897905142963
0.04030813439571212
0.040118151780695895
0.02547926381554075
0.1377765399400446
0.04876487259558784
0.0023775182321313653
0.1638216916765071
0.4018277182917153
0.16320140596336216
0.04014327062199326
0.24010591634006817
0.3087337160096631
0.04011999883901818
0.05414245693698756
0.12574282343195703
0.07875870676754876
0.04011999883901818
0.011014091387481486
0.11408001977573383
0.04102539767780495
0.014556149842678345
0.04011999883901818
0.03704999861572149
0.04366786885126226
0.12153917075105634
0.02131513259039703
0.6697038836384174
0.04486905979583359
0.1298404967689815
0.045013958154139874
0.15227211379734096
0.057149810419482014
0.12186039658011495
0.04009264914937642
0.14773404605130866
0.4379953676718301
0.10971077582685454
0.09467908540157405
0.6971318829141835
0.04847089585104297