0.16724077689710676
0.14596017433680655
0.1546912813778808
0.17755681736070333
0.17494967866449887
0.14810218158311275
0.1320119609431424
0.16988019256653006
0.19566650101768027
0.1591054850575643
0.19394570747207376
0.16989533224694184
0.12527321518687778
0.1947087227550095
0.20089744382753968
0.07917446504278201
0.12571705198574729
0.12971809509508392
0.14937325624708087
0.16984777641844342
0.16312287927076516
0.06977404123048686
0.16988019256653006
0.04690267474037656
0.16579571871045556
0.15599271210733856
0.16988019258626288
0.22709559301791896
0.1429572023249352
0.16948981865851082
0.15055379049024545
0.16988019256653006
0.2663734969029193
0.12893845391119346
0.13299277871790333
0.13559672660989514
0.10313486090588395
0.1553036682535826
0.11188711306706364
0.17881979870725667
0.18086085805575716
0.09101741225142267
0.1373307174356545
0.17992181485786113
0.18493667485732848
0.059463109670257974
0.13617578787358256
0.18499790415628892
0.13368792688305245
0.20279094662261024