0.0
0.0
0.18
0.0
0.0
0.0
0.0
0.05
0.0
0.0
0.25
0.38
0.13333333333333333
0.03225806451612903
0.0
0.02
0.0
0.01
0.0
0.0
0.0
0.0379746835443038
0.0
0.01
0.0
0.02
0.0
0.01
0.0
0.046153846153846156
0.01
0.0
0.04
0.0
0.0
0.0
0.01
0.0
0.010101010101010102
0.0
0.01
0.06
0.03
0.0
0.0
0.0
0.0
0.0
0.0
0.0
0.01
0.03
0.0
0.0
0.0
0.0
0.0
0.0
0.0
0.0
0.0
0.0
0.0
0.0
0.0
0.0
0.010752688172043012
0.0
0.0
0.0
0.0
0.0
0.0
0.0
0.04838709677419355
0.0
0.0
0.0
0.0
0.0
0.01
0.01
0.01
0.0
0.02
0.36
0.27
0.02
0.3
0.23684210526315788
0.02
0.03
0.15
0.0
0.31
0.09
0.02
0.18
0.2
0.75
0.32
0.16
0.11
0.41
0.04
0.22
0.2
0.47
0.07
0.24
0.42
0.27
0.25
0.01
0.25
0.7
0.15
0.62
0.08
0.37
0.12
0.18
0.44
0.18681318681318682
0.47
0.53
0.99
0.7
0.07
0.35106382978723405
0.06
0.21
0.41
0.10666666666666667
0.0
0.0
0.0
0.1935483870967742
0.07352941176470588
0.0
0.02
0.06
0.02
0.02
0.0
0.0
0.01
0.0
0.0
0.0
0.0
0.0
0.25
0.01
0.0
0.04
0.02
0.01
0.0
0.0
0.0
0.03
0.13
0.0
0.12
0.02
0.0
0.0
0.12
0.03
0.01
0.0
0.02
0.45
0.04
0.01
0.07
0.0
0.08
0.23
0.0
0.0
0.0
0.0
0.0
0.1
0.0
0.01
0.0
0.0
0.05
0.0
0.0
0
0.0
0.07
0.05
0.19
0.1
0.04
0.15
0.0
0.17
0.25
0.04
0.61
0.1
0.03
0.0196078431372549
0.0
0.0625
0.0
0.0
0.26
0.08
0.03
0.71
0.97
0.46
0.1
0.0
0.04
0.05
0.17
0.1282051282051282
0.18
0.1
0.04
0.07
0.05
0.0
0.02
0.04
0.0