0.1509809778005099
0.14944677950521823
0.16627212838342348
0.1529803062044159
0.2059257993237316
0.2
0.3646173620545391
0.36768956323537616
0.26616946709378386
0.13813704316511854
0.15006234579299121
0.0749869981378404
0.04673101319471924
0.050116969287750106
0.15259172166516966
0.16688272958742334
0.059304426012718785
0.05091212447795836
0.052709815274274215
0.04943762266803998
0.3127674634170053
0.08542716974699306
0.12334105470398964
0.06383655507691567
0.15385589991530702
0.06444814007747027
0.14501292742447702
0.1504028255193426
0.3719936130309749
0.07487376409102015
0.1501319622458959
0.08969829145038848
0.06810563899300699
0.08304252713299538
0.08344091363439779
0.0932630412203136
0.05475798621208239
0.42277714842193376
0.2542203635034571
0.15348637643929583
0.05732258120145755
0.1504501216048754
0.09764318693970103
0.16542544326207126
0.06982019016708035
0.08933301861355257
0.11927880723012073
0.07183710416527263
0.1472313667030681
0.06842565788585754
0.10035648571011031
0.08900749633553283
0.1009966348057017
0.09175694134784299
0.07712639986726219
0.0760014788119851
0.11801414431238515
0.054847548928636705
0.24301483877203717
0.09571023443189859
0.10654014054123571
0.090543387620474
0.10222658475048765
0.09043882259651104
0.056966284750283695
0.3430659473882815
0.08620151119466254
0.15039743318786783
0.2093192415580488
0.07879654658067166
0.11254826053848246
0.16243178167323227
0.19427921469792422
0.1221934454209477
0.460289327483228
0.06662125668135413
0.08676552639804616
0.10515294402507232
0.09380787975537869
0.11880437311273753
0.06774219692421388
0.0543635603559668
0.06232604809465242
0.07519780782185656
0.07299765149666829
0.06192720215544851
0.07083311121076079
0.06935525951490432
0.06847319684773825
0.07107248835920202
0.07572558080309683
0.07338458922547622
0.06588830766565079
0.08438081284426811
0.15755106875084568
0.10554880733751842
0.10468557996372993
0.1074517449768516
0.11052831038627935
0.09878604187786404
0.12928884464521895
0.1501733099723769
0.16463429212299086
0.08392234303456991
0.07833703315923615
0.07061519866106954
0.06047247233423745
0.16302435725021863
0.14524489686828457
0.11283359046790378
0.08023890144274007
0.10795843021526814
0.08372037871847599
0.10933892780831113
0.18936850853279788
0.10164135735248898
0.07500462260770285
0.08299612262343882
0.08413098660619234
0.040809515521896524
0.08609657150015775
0.10713519617863144
0.22726273307993053
0.07125895408871707
0.07758454810630659
0.07758454810630659
0.14888763602796606
0.07422164623358499
0.07456359098058954
0.0707795174598026