0.11871828099254395
0.08709270258348066
0.10348239326271692
0.10848194767656075
0.11415118153979754
0.09123430287975229
0.0923913524443297
0.1087895473402873
0.136191326446792
0.10960496740563296
0.10065613294247018
0.10937043298227316
0.08229479024904858
0.10463480173924654
0.11382131527558402
0.0915831950477903
0.10960041756618706
0.1412986589914192
0.10556034752032992
0.09305057524577795
0.11028721483435104
0.1277718783846149
0.09851084601065255
0.11512845043460308
0.10858740273608802
0.12460957350107263
0.1011958927649574
0.09918437747164965
0.08987369992991409
0.10399278305394652
0.11085329896236332
0.09707002466606925
0.10280001466210648
0.07082495024668808
0.1251704255297973
0.11122971960995867
0.0972777545960699
0.10501289513457535
0.08402413478138938
0.11835462376432576
0.10507580400245733
0.09465130317135483
0.11830383642694733
0.10268877522201587
0.11803619353731792
0.11817019684711945
0.10394564045892658
0.13361180861957567
0.13098328330172113
0.14095645342440843