0.2450536012554703
0.6307783391940878
0.183461183071246
0.13047607611958872
0.07827470286307878
0.17993657149240092
0.2061329407290461
0.09265310359676465
0.1820568585820166
0.15430430679421375
0.2042832235565043
0.14768895251588443
0.2574430475296181
0.161270572239709
0.15025936642046545
0.1215276715638465
0.361644060985261
0.2452948142422385
0.06072765140558891
0.413351064891563
0.20911306103640706
0.2018273807211005
0.1561860450128075
0.12873013124533905
0.2833760965358774
0.08965816124631165
0.08612447321113606
0.2769974407354306
0.09897999181589505
0.2053946039792442
0.20242719898493408
0.0963224435676096
0.26904618044524986
0.03359057286577475
0.1771627733077116
0.13544231632193232
0.2909059527071472
0.3005863016670564
0.08724959062631445
0.2696954520369188
0.2218503463313229
0.31602613564779236
0.27710565340094584
0.09762844879281442
0.3550027108983071
0.09000259434114401
0.08454497132186384
0.18772597011550765
0.1901954049083167
0.10626585904829562