0.10067031953504245
0.02061268568282476
0.0748803817951977
0.10261197037061112
0.10022616256341497
0.2
0.0799295243647555
0.06504167898453612
0.09176944221327604
0.05819284152516149
0.11630524301208868
0.21640237914401952
0.5735859008358747
0.4857954869134147
0.15243829046981913
0.12295629500289769
0.489202632997469
0.11890302043167755
0.5031065838320001
0.601439217967347
0.03671562713169008
0.1463636887592198
0.1437801366398389
0.2094479703958761
0.06701893806577683
0.013985982505465292
0.08080470347544201
0.10170042512632982
0.014598035114874685
0.12093330073524505
0.14598675192903554
0.11905560586948297
0.1331860519835806
0.0682433067897857
0.1891886294611484
0.17391745643588888
0.4244811393469685
0.026628447233021275
0.05731438040048154
0.11612578801022436
0.4749161803694952
0.10152358920220597
0.04891053351948146
0.12334864893593762
0.06452899707816179
0.10494939192986219
0.16979383274827473
0.1285485279444051
0.14809160754614975
0.049974058385295894
0.02385582319910292
0.032137581890128615
0.04667755727404499
0.11209970016805178
0.07180446858566436
0.1690826284493647
0.0898625769520255
0.42950701714373174
0.04684610573034281
0.06822180910077344
0.013263632455267996
0.05352737011735672
0.06526074580821818
0.13397147524449715
0.044291105059450345
0.13238182860618472
0.12788122054298975
0.1017138700734736
0.0768449240255872
0.08017505099573495
0.050337525202505916
0.07508527724629604
0.056048469975482025
0.1425254152604901
0.1543105160805575
0.05320893491480135
0.10322367013859471
0.1083968078928921
0.33515641963249065
0.08812754887609094
0.062854820042471
0.37743740734795966
0.23976307329574945
0.323267671411875
0.1500842852577952
0.035494028145773245
0.10586154991371427
0.1518292664868708
0.13872923410344348
0.14192802662697215
0.14965642977595314
0.10280905405243518
0.10944631424216383
0.09304032397249368
0.13820560464340773
0.03490745779965466
0.1286974080217503
0.07024584982736744
0.13837057790531226
0.08653051931567639
0.05350707034399021
0.10092983472933732
0.03555847514136572
0.05615040301047508
0.038372442190229235
0.0674007433982467
0.07661003028908421
0.02416859190507335
0.0723694016382715
0.06218992217564783
0.09868553184662619
0.07054093552714055
0.22792824255990346
0.07123793597909052
0.05097411445030641
0.12982479582183187
0.11261202882093714
0.09462473154552235
0.26685745099652075
0.14916915131937228
0.0476061121432664
0.0820245622303314
0.03841368074795265
0.08016702588737953
0.04563508938420032
0.04563508938420032
0.10124201203672797
0.055432951616949964
0.09241787585351197
0.06745589060977474