0.016319024277658196
0.01676410008793285
0.01697299018213689
0.01608042157757856
0.016265259076849732
0.01674535986461323
0.01603013958744357
0.017153078210171653
0.016529863654602003
0.017194236084854236
0.016832633951783152
0.016476520479199605
0.016790611690588757
0.016961986898470605
0.01668676870472203
0.016510642540965313
0.016149029487741915
0.017281498646477593
0.01651030266203268
0.016219169611212253
0.01634174130143241
0.01701446867632091
0.016509643807720267
0.01666655045642866
0.016463916081064303
0.016419727202387865
0.016555729117087963
0.01666260507845923
0.017169210256693716
0.016731249876304574
0.01678197275643927
0.016449399939526866
0.016385615888560086
0.016170389108219083
0.017079410419898924
0.016370260653502767
0.0159669515940516
0.016274476072726002
0.016442461001456504
0.016351381657844118
0.016797646994494715
0.018211791998342358
0.01683335637395084
0.016291635517074566
0.016560448222730798
0.017035510191323766
0.018094758795146774
0.017248675334927518
0.016721226115989352
0.016442129001531317