<<<<<<< HEAD
0.2743297423924737
0.2878657628924706
0.2757579132428078
0.27405074533872464
0.19549318418684788
0.4
0.19789458110690972
0.21705954634303937
0.21132502393738353
0.29526134263749
0.27639683740313314
0.1982145502667522
0.11046934306933232
0.09373073393029298
0.2879678027703716
0.3426728914216528
0.11069353670764455
0.2645737611539086
0.13136113804662816
0.08653622993890016
0.1563845636313428
0.4925506617102659
0.3350164440743651
0.22531234178544257
0.3370556270809735
0.2614276093885704
0.20246886130457836
0.27343792750995594
0.2727127346095499
0.35301416784996237
0.24614043884577605
0.28550520863802353
0.27864469731141295
0.2904220782144696
0.1983829709269787
0.2001864298321619
0.12230311246485376
0.14636363886224205
0.2880490431952675
0.3004686908947027
0.1602084274111406
0.2733713717420773
0.2873320226632344
0.21130205133646635
0.1949724315711258
0.24801692738256828
0.16907344680444075
0.17093709615413893
0.27392013545217414
0.12303533251553614
0.5691696047391833
0.42934830574362154
0.33081261980578086
0.3263375253791028
0.19644510840625246
0.23021798365764204
0.18526618153527927
0.10438318330785258
0.2753768905541965
0.27205407354390354
0.2755967714484461
0.4316574400303776
0.3845892194507815
0.3068245585115875
0.24927671886398584
0.12110820095832167
0.2404630955734715
0.2734261999331842
0.31783592247244324
0.326200174373459
0.20387255316362612
0.285470771813363
0.10016450271682993
0.26856097339941354
0.1516090453256717
0.2966370093282452
0.2539052606855644
0.2311067081845606
0.10432053786314018
0.3042070895992625
0.17113897798084415
0.10789644377664379
0.19126750473303578
0.18840596312059632
0.2925543042656714
0.32553723274794605
0.23608567156113533
0.23006167887078569
0.23028128532963882
0.24170193778256757
0.24490410841152388
0.24254104733163068
0.24959529408595255
0.2740460059980222
0.2754852066028216
0.3398213076538834
0.37524338269939395
0.2870782095085318
0.2501655125982832
0.34312078706805943
0.2613268681257926
0.27239117967118864
0.29203616434696505
0.28173334821874857
0.23647616593197568
0.301420837446623
0.25905197351914905
0.26838440993824486
0.181096614292132
0.28042519185619463
0.285069753615859
0.25107996152309564
0.19041190029483404
0.33165726776732285
0.2509861753513288
0.30491399795958257
0.2693457865975398
0.2596429318841926
0.2593613490049699
0.28782330993170935
0.26255514902797217
0.2827714107311341
0.21202447708481442
0.1831625435595993
0.24127464241377045
0.24127464241377045
0.2735523920744212
0.2749657262622762
0.2410723651109853
0.19370438695200906
=======
0.08711988827551481
0.11086797497424815
0.05064042482111433
0.11086976939936419
0.2205556741919518
0.4
0.11497766689446876
0.1841271771878361
0.0885868422348564
0.056215977144419095
0.07150088692039303
0.4
0.12327311067770783
0.1124148066454899
0.07586714061804642
0.1038252210738388
0.03757560589823537
0.09645343321203048
0.16350694820190165
0.03885417627502972
0.1009426771711673
0.10997777667310583
0.05487285333506789
0.1108698069809229
0.10529322927930505
0.10021815898826497
0.11447553922555945
0.09800327250815191
0.0662428576900259
0.07272813622671075
0.02619644591681371
0.1129866283759505
0.06842996681081658
0.12103893362763747
0.4
0.06116460060826877
0.1108935263009375
0.04754875090542823
0.11086976940573066
0.056840488139898476
0.04779288817166789
0.10739709018568379
0.08840817472439015
0.08536471434172994
0.20070971717970335
0.054902746516212186
0.06621349482959511
0.0788403430061528
0.05002103898789679
0.06693752679030414
0.11007000994980426
0.05708573769847983
0.08245062853752219
0.4
0.06800951815282086
0.01963272427728169
0.11610316330925967
0.05280506324342238
0.041163296330914964
0.09163839165888774
0.06855172046077511
0.05394510357043042
0.08729440593785726
0.25997403084602627
0.10995787993077098
0.05969033022724374
0.4
0.1076209279256952
0.051252856394256086
0.0491732521113744
0.06669789249271418
0.05618789856101378
0.10474321540177141
0.08187711777531376
0.04003813165968531
0.06798939987342248
0.11062218749881865
0.055872347130060875
0.04454039561028356
0.029202149713316496
0.06107177068737759
0.055153969862892074
0.04129448407996266
0.08061570945229457
0.06747273229066544
0.12282874016207848
0.052435745487629484
0.03908706291236965
0.054337639618618254
0.04517102189512693
0.057297169481185566
0.07652531095791307
0.055103193532194485
0.06294834608218185
0.07552446147105714
0.05810157006115494
0.043588882677573514
0.06927758211988785
0.11886601108840988
0.4
0.08008333869879053
0.06088331481661792
0.08350965841429826
0.11086961593385898
0.12529859578636396
0.08929365610174783
0.11086976940573026
0.09544354845274977
0.1237300633619705
0.09593539370776705
0.10310218507579522
0.10824847570771393
0.05097080639765403
0.11227147427259802
0.4
0.04967987666881744
0.062023216910311554
0.03971182632930549
0.054123492201595194
0.10351942883118084
0.05002103898789679
0.07592238582524008
0.07109082514802717
0.05765867589554825
0.09204001853352617
0.05961093159879395
0.10274012929277065
0.11086976947914438
0.053033291849021856
0.108286440224482
0.08679172367369069
0.08397471991232759
0.04758228626818483
0.03946786646718622
0.12317891196909683
0.08973591590268204
0.04458975265271563
0.2969530408320673
0.07723962153301772
0.0972727533616334
0.11073732643418652
0.04902175419229941
0.09983706540356527
0.11077384813110336
0.08536471434172994
0.09194191972400848
0.056305556108306065
0.450546686542258
0.09637529078228263
0.10894681771961127
0.08486010775916354
0.03835062205385023
0.05003963632375856
0.09368472451965791
0.05220160267432408
0.056228090214456294
0.07234181974647437
0.11174423432251208
0.06761561817994398
0.053605957883050226
0.09541503024109368
0.06571499251203403
0.10152073183208407
0.11086345594056878
0.03315659457234352
0.11300416687630468
0.06669789249271418
0.11094401140415548
0.11086976940573066
0.07721471214802567
0.050994595008059806
0.04436720463345365
0.03284602329788514
0.07388098199056754
0.11083296729807239
0.048870494164152074
0.05830205628302597
0.10610179815056
0.10414458701520295
0.11086753927010437
0.03443191004115832
0.11004271222149942
0.06567528949032157
0.06332430888581543
0.0564068987471899
0.042009002316204365
0.09959545073463281
0.1181040149119152
0.0822572130951511
0.11302195740504133
0.0574347694357936
0.06352437003558062
0.054902746516212186
0.06838251279735431
0.0749091193843533
0.06842996681081658
0.05313491398797718
0.11086976940573066
0.09056665914777952
0.09519130191523247
0.20226181877296545
0.4
0.08321377429036592
0.051726310058645454
0.4
0.13017681668115474
0.4
0.08683468574987861
0.02883656016900288
0.06093469940328592
0.05487285333506789
0.1108040032680503
0.06767323882694544
0.109992703028796
0.06735084249011578
0.05978447268923874
0.06763678699078383
0.4
0.08528453671739349
0.12594911953167656
0.3156191117937983
0.058977196373838185
0.06913516124182968
0.12005804677441188
0.04113710712042834
0.05391977385971409
0.061482666157983576
0.06140036230213325
0.08313112979995038
0.06108792019950539
0.05264443208512897
0.10454569539732612
0.053492987988937604
0.11861803663270123
>>>>>>> a9c8cedab10dae3829563c37918a3aeaeb4d40bf
